0 info it worked if it ends with ok
1 verbose cli [ '/usr/local/bin/node', '/usr/local/bin/npm', 'run', 'serve' ]
2 info using npm@3.10.9
3 info using node@v7.1.0
4 verbose run-script [ 'preserve', 'serve', 'postserve' ]
5 info lifecycle team-project-client@0.0.1~preserve: team-project-client@0.0.1
6 silly lifecycle team-project-client@0.0.1~preserve: no script for preserve, continuing
7 info lifecycle team-project-client@0.0.1~serve: team-project-client@0.0.1
8 verbose lifecycle team-project-client@0.0.1~serve: unsafe-perm in lifecycle true
9 verbose lifecycle team-project-client@0.0.1~serve: PATH: /usr/local/lib/node_modules/npm/bin/node-gyp-bin:/Users/aarshpatel/Desktop/SoundRoom/node_modules/.bin:/Users/aarshpatel/.rvm/gems/ruby-2.1.0/bin:/Users/aarshpatel/.rvm/gems/ruby-2.1.0@global/bin:/Users/aarshpatel/.rvm/rubies/ruby-2.1.0/bin:/opt/local/bin:/opt/local/sbin://anaconda/bin:/usr/bin:/bin:/usr/sbin:/sbin:/usr/local/bin:/Users/aarshpatel/.rvm/bin:/Users/aarshpatel/golang/bin:/usr/local/opt/go/libexec/bin
10 verbose lifecycle team-project-client@0.0.1~serve: CWD: /Users/aarshpatel/Desktop/SoundRoom
11 silly lifecycle team-project-client@0.0.1~serve: Args: [ '-c', 'webpack-dev-server --content-base build' ]
12 silly lifecycle team-project-client@0.0.1~serve: Returned: code: 1  signal: null
13 info lifecycle team-project-client@0.0.1~serve: Failed to exec serve script
14 verbose stack Error: team-project-client@0.0.1 serve: `webpack-dev-server --content-base build`
14 verbose stack Exit status 1
14 verbose stack     at EventEmitter.<anonymous> (/usr/local/lib/node_modules/npm/lib/utils/lifecycle.js:255:16)
14 verbose stack     at emitTwo (events.js:106:13)
14 verbose stack     at EventEmitter.emit (events.js:191:7)
14 verbose stack     at ChildProcess.<anonymous> (/usr/local/lib/node_modules/npm/lib/utils/spawn.js:40:14)
14 verbose stack     at emitTwo (events.js:106:13)
14 verbose stack     at ChildProcess.emit (events.js:191:7)
14 verbose stack     at maybeClose (internal/child_process.js:885:16)
14 verbose stack     at Process.ChildProcess._handle.onexit (internal/child_process.js:226:5)
15 verbose pkgid team-project-client@0.0.1
16 verbose cwd /Users/aarshpatel/Desktop/SoundRoom
17 error Darwin 15.0.0
18 error argv "/usr/local/bin/node" "/usr/local/bin/npm" "run" "serve"
19 error node v7.1.0
20 error npm  v3.10.9
21 error code ELIFECYCLE
22 error team-project-client@0.0.1 serve: `webpack-dev-server --content-base build`
22 error Exit status 1
23 error Failed at the team-project-client@0.0.1 serve script 'webpack-dev-server --content-base build'.
23 error Make sure you have the latest version of node.js and npm installed.
23 error If you do, this is most likely a problem with the team-project-client package,
23 error not with npm itself.
23 error Tell the author that this fails on your system:
23 error     webpack-dev-server --content-base build
23 error You can get information on how to open an issue for this project with:
23 error     npm bugs team-project-client
23 error Or if that isn't available, you can get their info via:
23 error     npm owner ls team-project-client
23 error There is likely additional logging output above.
24 verbose exit [ 1, true ]
